<?xml version="1.0" encoding="UTF-8"?>
<!-- Generated by org.testng.reporters.JUnitReportReporter -->
<testsuite name="org.excel.adactinHotel" tests="2" time="26.947" ignored="0" failures="0" timestamp="03 Jun 2022 04:17:22 GMT" skipped="0" hostname="Lenovo" errors="0">
  <testcase name="Test2" time="2.989" classname="org.excel.adactinHotel"/>
  <testcase name="Test" time="23.958" classname="org.excel.adactinHotel"/>
</testsuite> <!-- org.excel.adactinHotel -->
