<?xml version="1.0" encoding="UTF-8"?>
<!-- Generated by org.testng.reporters.JUnitReportReporter -->
<testsuite name="org.excel.ExcelClass" tests="3" time="36.194" ignored="0" failures="0" timestamp="03 Jun 2022 04:17:22 GMT" skipped="0" hostname="Lenovo" errors="0">
  <testcase name="Test3" time="9.634" classname="org.excel.ExcelClass"/>
  <testcase name="Test2" time="15.135" classname="org.excel.ExcelClass"/>
  <testcase name="Test1" time="11.425" classname="org.excel.ExcelClass"/>
</testsuite> <!-- org.excel.ExcelClass -->
