<?xml version="1.0" encoding="UTF-8"?>
<!-- Generated by org.testng.reporters.JUnitReportReporter -->
<testsuite name="org.excel.A" tests="1" time="6.481" ignored="0" failures="0" timestamp="03 Jun 2022 04:17:22 GMT" skipped="0" hostname="Lenovo" errors="0">
  <testcase name="testA1" time="6.481" classname="org.excel.A"/>
</testsuite> <!-- org.excel.A -->
